INFO:root:Latency: 0.16252398490905762
INFO:root:Latency: 0.03972268104553223
INFO:root:Latency: 0.03198122978210449
INFO:root:Latency: 0.02995586395263672
INFO:root:Latency: 0.03011345863342285
INFO:root:Latency: 0.03005361557006836
INFO:root:Latency: 0.03185892105102539
INFO:root:Latency: 0.027144670486450195
INFO:root:Latency: 0.027325153350830078
INFO:root:Latency: 0.029770374298095703
INFO:root:Latency: 0.03124094009399414
INFO:root:Latency: 0.024772167205810547
INFO:root:Latency: 0.03229856491088867
INFO:root:Latency: 0.02715301513671875
INFO:root:Latency: 0.029291152954101562
INFO:root:Latency: 0.025600671768188477
INFO:root:Latency: 0.028418779373168945
INFO:root:Latency: 0.029580116271972656
INFO:root:Latency: 0.026978731155395508
INFO:root:Latency: 0.026990890502929688
INFO:root:Latency: 0.02734684944152832
INFO:root:Latency: 0.026455402374267578
INFO:root:Latency: 0.031073570251464844
INFO:root:Latency: 0.02681899070739746
INFO:root:Latency: 0.02699875831604004
INFO:root:Latency: 0.025964975357055664
INFO:root:Latency: 0.03006577491760254
INFO:root:Latency: 0.028120994567871094
INFO:root:Latency: 0.03239583969116211
INFO:root:Latency: 0.02935481071472168
INFO:root:Latency: 0.029857873916625977
INFO:root:Latency: 0.027070283889770508
INFO:root:Latency: 0.03378748893737793
INFO:root:Latency: 0.030380964279174805
INFO:root:Latency: 0.0328974723815918
INFO:root:Latency: 0.0288388729095459
INFO:root:Latency: 0.03038501739501953
INFO:root:Latency: 0.029124736785888672
INFO:root:Latency: 0.028116703033447266
INFO:root:Latency: 0.02733325958251953
INFO:root:Latency: 0.024646759033203125
INFO:root:Latency: 0.026810169219970703
INFO:root:Latency: 0.027877330780029297
INFO:root:Latency: 0.03266716003417969
INFO:root:Latency: 0.02512526512145996
INFO:root:Latency: 0.02789759635925293
INFO:root:Latency: 0.03275704383850098
INFO:root:Latency: 0.029211759567260742
INFO:root:Latency: 0.033583879470825195
INFO:root:Latency: 0.026630401611328125
INFO:root:Latency: 0.025615215301513672
INFO:root:Latency: 0.02805495262145996
INFO:root:Latency: 0.02894306182861328
INFO:root:Latency: 0.03379106521606445
INFO:root:Latency: 0.02489924430847168
INFO:root:Latency: 0.02550339698791504
INFO:root:Latency: 0.02690863609313965
INFO:root:Latency: 0.03138375282287598
INFO:root:Latency: 0.027909517288208008
INFO:root:Latency: 0.0268857479095459
INFO:root:Latency: 0.03147006034851074
INFO:root:Latency: 0.023357868194580078
INFO:root:Latency: 0.02936530113220215
INFO:root:Latency: 0.028216123580932617
INFO:root:Latency: 0.028749465942382812
INFO:root:Latency: 0.028488636016845703
INFO:root:Latency: 0.028552532196044922
INFO:root:Latency: 0.028992891311645508
INFO:root:Latency: 0.026153564453125
INFO:root:Latency: 0.028939008712768555
INFO:root:Latency: 0.03242135047912598
INFO:root:Latency: 0.028124332427978516
INFO:root:Latency: 0.029439449310302734
INFO:root:Latency: 0.02893376350402832
INFO:root:Latency: 0.03504061698913574
INFO:root:Latency: 0.031304359436035156
INFO:root:Latency: 0.02418375015258789
INFO:root:Latency: 0.02712273597717285
INFO:root:Latency: 0.03068065643310547
INFO:root:Latency: 0.029591798782348633
INFO:root:Latency: 0.025105714797973633
INFO:root:Latency: 0.030283451080322266
INFO:root:Latency: 0.026760578155517578
INFO:root:Latency: 0.0289154052734375
INFO:root:Latency: 0.03255891799926758
INFO:root:Latency: 0.02800583839416504
INFO:root:Latency: 0.02750420570373535
INFO:root:Latency: 0.028537511825561523
INFO:root:Latency: 0.028422117233276367
INFO:root:Latency: 0.02827286720275879
INFO:root:Latency: 0.03199124336242676
INFO:root:Latency: 0.029453277587890625
INFO:root:Latency: 0.030550003051757812
INFO:root:Latency: 0.028662443161010742
INFO:root:Latency: 0.03126168251037598
INFO:root:Latency: 0.030515670776367188
INFO:root:Latency: 0.028481721878051758
INFO:root:Latency: 0.028042078018188477
INFO:root:Latency: 0.033869266510009766
INFO:root:Latency: 0.03303074836730957
INFO:root:Latency: 0.030455589294433594
INFO:root:Latency: 0.03007650375366211
INFO:root:Latency: 0.029412031173706055
INFO:root:Latency: 0.029417753219604492
INFO:root:Latency: 0.0303041934967041
INFO:root:Latency: 0.025510311126708984
INFO:root:Latency: 0.027976512908935547
INFO:root:Latency: 0.031125783920288086
INFO:root:Latency: 0.054589271545410156
INFO:root:Latency: 0.026811838150024414
INFO:root:Latency: 0.03124380111694336
INFO:root:Latency: 0.03342461585998535
INFO:root:Latency: 0.034694671630859375
INFO:root:Latency: 0.03337836265563965
INFO:root:Latency: 0.029047489166259766
INFO:root:Latency: 0.03233957290649414
INFO:root:Latency: 0.028672456741333008
INFO:root:Latency: 0.029133319854736328
INFO:root:Latency: 0.027008771896362305
INFO:root:Latency: 0.02950119972229004
INFO:root:Latency: 0.03041815757751465
INFO:root:Latency: 0.031076669692993164
INFO:root:Latency: 0.029256820678710938
INFO:root:Latency: 0.032085418701171875
INFO:root:Latency: 0.02829742431640625
INFO:root:Latency: 0.026320219039916992
INFO:root:Latency: 0.026942014694213867
INFO:root:Latency: 0.02980494499206543
INFO:root:Latency: 0.02894449234008789
INFO:root:Latency: 0.030588388442993164
INFO:root:Latency: 0.0268399715423584
INFO:root:Latency: 0.0288083553314209
INFO:root:Latency: 0.027158260345458984
INFO:root:Latency: 0.029467105865478516
INFO:root:Latency: 0.03042316436767578
INFO:root:Latency: 0.02878570556640625
INFO:root:Latency: 0.03164482116699219
INFO:root:Latency: 0.02954411506652832
INFO:root:Latency: 0.02837514877319336
INFO:root:Latency: 0.02954387664794922
INFO:root:Latency: 0.02702021598815918
INFO:root:Latency: 0.027384281158447266
INFO:root:Latency: 0.024977445602416992
INFO:root:Latency: 0.025991201400756836
INFO:root:Latency: 0.02760004997253418
INFO:root:Latency: 0.03391146659851074
INFO:root:Latency: 0.024364233016967773
INFO:root:Latency: 0.028369426727294922
INFO:root:Latency: 0.029923439025878906
INFO:root:Latency: 0.02723836898803711
INFO:root:Latency: 0.03359079360961914
INFO:root:Latency: 0.027463436126708984
INFO:root:Latency: 0.026138782501220703
INFO:root:Latency: 0.02671647071838379
INFO:root:Latency: 0.032898664474487305
INFO:root:Latency: 0.028981447219848633
INFO:root:Latency: 0.031125545501708984
INFO:root:Latency: 0.029729366302490234
INFO:root:Latency: 0.03318595886230469
INFO:root:Latency: 0.03180074691772461
INFO:root:Latency: 0.033635616302490234
INFO:root:Latency: 0.03093719482421875
INFO:root:Latency: 0.026826143264770508
INFO:root:Latency: 0.030928850173950195
INFO:root:Latency: 0.031464576721191406
INFO:root:Latency: 0.027064085006713867
INFO:root:Latency: 0.029047012329101562
INFO:root:Latency: 0.027446508407592773
INFO:root:Latency: 0.027233362197875977
INFO:root:Latency: 0.0302886962890625
INFO:root:Latency: 0.03464913368225098
INFO:root:Latency: 0.031113147735595703
INFO:root:Latency: 0.028867721557617188
INFO:root:Latency: 0.025820493698120117
INFO:root:Latency: 0.029304027557373047
INFO:root:Latency: 0.026621341705322266
INFO:root:Latency: 0.02872610092163086
INFO:root:Latency: 0.02782297134399414
INFO:root:Latency: 0.025656938552856445
INFO:root:Latency: 0.03025221824645996
INFO:root:Latency: 0.025415897369384766
INFO:root:Latency: 0.029815196990966797
INFO:root:Latency: 0.027256250381469727
INFO:root:Latency: 0.030192852020263672
INFO:root:Latency: 0.027731895446777344
INFO:root:Latency: 0.03225827217102051
INFO:root:Latency: 0.029425621032714844
INFO:root:Latency: 0.03188276290893555
INFO:root:Latency: 0.028810739517211914
INFO:root:Latency: 0.0264737606048584
INFO:root:Latency: 0.027307987213134766
INFO:root:Latency: 0.027097702026367188
INFO:root:Latency: 0.02612447738647461
INFO:root:Latency: 0.02749490737915039
INFO:root:Latency: 0.03143787384033203
INFO:root:Latency: 0.029694795608520508
INFO:root:Latency: 0.026828289031982422
INFO:root:Latency: 0.03082895278930664
INFO:root:Latency: 0.030785799026489258
INFO:root:Latency: 0.0292971134185791
INFO:root:Latency: 0.026520729064941406
INFO:root:Latency: 0.031103134155273438
INFO:root:Latency: 0.0329740047454834
INFO:root:Latency: 0.02908778190612793
INFO:root:Latency: 0.027562856674194336
INFO:root:Latency: 0.02472829818725586
INFO:root:Latency: 0.027231216430664062
INFO:root:Latency: 0.02867913246154785
INFO:root:Latency: 0.03109598159790039
INFO:root:Latency: 0.02908778190612793
INFO:root:Latency: 0.027312517166137695
INFO:root:Latency: 0.029994964599609375
INFO:root:Latency: 0.023841381072998047
INFO:root:Latency: 0.029125452041625977
INFO:root:Latency: 0.027131080627441406
INFO:root:Latency: 0.027537822723388672
INFO:root:Latency: 0.03237557411193848
INFO:root:Latency: 0.02890920639038086
INFO:root:Latency: 0.03010416030883789
INFO:root:Latency: 0.0292360782623291
INFO:root:Latency: 0.025989532470703125
INFO:root:Latency: 0.02747941017150879
INFO:root:Latency: 0.03215384483337402
INFO:root:Latency: 0.03240227699279785
INFO:root:Latency: 0.03060770034790039
INFO:root:Latency: 0.03345155715942383
INFO:root:Latency: 0.02736353874206543
INFO:root:Latency: 0.030754804611206055
INFO:root:Latency: 0.031944990158081055
INFO:root:Latency: 0.028908967971801758
INFO:root:Latency: 0.030072450637817383
INFO:root:Latency: 0.033005714416503906
INFO:root:Latency: 0.03506326675415039
INFO:root:Latency: 0.03383040428161621
INFO:root:Latency: 0.027308225631713867
INFO:root:Latency: 0.030208587646484375
INFO:root:Latency: 0.031537532806396484
INFO:root:Latency: 0.027957916259765625
INFO:root:Latency: 0.031096935272216797
INFO:root:Latency: 0.030234575271606445
INFO:root:Latency: 0.029971599578857422
INFO:root:Latency: 0.027948856353759766
INFO:root:Latency: 0.03159952163696289
INFO:root:Latency: 0.02752065658569336
INFO:root:Latency: 0.03141474723815918
INFO:root:Latency: 0.02921891212463379
INFO:root:Latency: 0.03229403495788574
INFO:root:Latency: 0.04693317413330078
INFO:root:Latency: 0.16211438179016113
INFO:root:Latency: 0.030153751373291016
INFO:root:Latency: 0.03370189666748047
INFO:root:Latency: 0.027429819107055664
INFO:root:Latency: 0.0291748046875
INFO:root:Latency: 0.029845714569091797
INFO:root:Latency: 0.0337374210357666
INFO:root:Latency: 0.029178857803344727
INFO:root:Latency: 0.031198978424072266
INFO:root:Latency: 0.029042482376098633
INFO:root:Latency: 0.028894901275634766
INFO:root:Latency: 0.026210546493530273
INFO:root:Latency: 0.030100345611572266
INFO:root:Latency: 0.029155254364013672
INFO:root:Latency: 0.024909257888793945
INFO:root:Latency: 0.024448156356811523
INFO:root:Latency: 0.027154922485351562
INFO:root:Latency: 0.0307919979095459
INFO:root:Latency: 0.02520918846130371
INFO:root:Latency: 0.02825140953063965
INFO:root:Latency: 0.028661012649536133
INFO:root:Latency: 0.024307966232299805
INFO:root:Latency: 0.029552459716796875
INFO:root:Latency: 0.02841782569885254
INFO:root:Latency: 0.028179645538330078
INFO:root:Latency: 0.03228259086608887
INFO:root:Latency: 0.029263973236083984
INFO:root:Latency: 0.02688002586364746
INFO:root:Latency: 0.02863311767578125
INFO:root:Latency: 0.03187370300292969
INFO:root:Latency: 0.028892040252685547
INFO:root:Latency: 0.029473066329956055
INFO:root:Latency: 0.028081655502319336
INFO:root:Latency: 0.026201963424682617
INFO:root:Latency: 0.025144577026367188
INFO:root:Latency: 0.03141164779663086
INFO:root:Latency: 0.028623580932617188
INFO:root:Latency: 0.03287100791931152
INFO:root:Latency: 0.028114795684814453
INFO:root:Latency: 0.052501678466796875
INFO:root:Latency: 0.16350722312927246
INFO:root:Latency: 0.029699325561523438
INFO:root:Latency: 0.02830791473388672
INFO:root:Latency: 0.02749490737915039
INFO:root:Latency: 0.031205177307128906
INFO:root:Latency: 0.03145003318786621
INFO:root:Latency: 0.03103041648864746
INFO:root:Latency: 0.03051590919494629
INFO:root:Latency: 0.030163049697875977
INFO:root:Latency: 0.02731776237487793
INFO:root:Latency: 0.024747133255004883
INFO:root:Latency: 0.03097677230834961
INFO:root:Latency: 0.027620315551757812
INFO:root:Latency: 0.028807878494262695
INFO:root:Latency: 0.023679733276367188
INFO:root:Latency: 0.0255126953125
INFO:root:Latency: 0.025298357009887695
INFO:root:Latency: 0.027507543563842773
INFO:root:Latency: 0.026310205459594727
INFO:root:Latency: 0.029813051223754883
INFO:root:Latency: 0.03019857406616211
INFO:root:Latency: 0.026990890502929688
INFO:root:Latency: 0.02613687515258789
INFO:root:Latency: 0.028830766677856445
INFO:root:Latency: 0.024356603622436523
INFO:root:Latency: 0.030834436416625977
INFO:root:Latency: 0.025817394256591797
INFO:root:Latency: 0.025763511657714844
INFO:root:Latency: 0.02736496925354004
INFO:root:Latency: 0.025549888610839844
INFO:root:Latency: 0.028218507766723633
INFO:root:Latency: 0.02803826332092285
INFO:root:Latency: 0.031673431396484375
INFO:root:Latency: 0.0246889591217041
INFO:root:Latency: 0.02755260467529297
INFO:root:Latency: 0.024730443954467773
INFO:root:Latency: 0.029753923416137695
INFO:root:Latency: 0.027472257614135742
INFO:root:Latency: 0.02848029136657715
INFO:root:Latency: 0.02853989601135254
INFO:root:Latency: 0.025255918502807617
INFO:root:Latency: 0.030313968658447266
INFO:root:Latency: 0.030918598175048828
INFO:root:Latency: 0.02531576156616211
INFO:root:Latency: 0.026681900024414062
INFO:root:Latency: 0.03231406211853027
INFO:root:Latency: 0.02771782875061035
INFO:root:Latency: 0.028995275497436523
INFO:root:Latency: 0.02700519561767578
INFO:root:Latency: 0.027985572814941406
INFO:root:Latency: 0.030568599700927734
INFO:root:Latency: 0.03044915199279785
INFO:root:Latency: 0.025774240493774414
INFO:root:Latency: 0.027411699295043945
INFO:root:Latency: 0.026837587356567383
INFO:root:Latency: 0.026708364486694336
INFO:root:Latency: 0.03016972541809082
INFO:root:Latency: 0.032518863677978516
INFO:root:Latency: 0.03479743003845215
INFO:root:Latency: 0.029626131057739258
INFO:root:Latency: 0.02745199203491211
INFO:root:Latency: 0.028018474578857422
INFO:root:Latency: 0.02858567237854004
INFO:root:Latency: 0.030226707458496094
INFO:root:Latency: 0.028753995895385742
INFO:root:Latency: 0.03483271598815918
INFO:root:Latency: 0.02805948257446289
INFO:root:Latency: 0.027619123458862305
INFO:root:Latency: 0.028711795806884766
INFO:root:Latency: 0.029729604721069336
INFO:root:Latency: 0.030317306518554688
INFO:root:Latency: 0.030187368392944336
INFO:root:Latency: 0.028868913650512695
INFO:root:Latency: 0.033275604248046875
INFO:root:Latency: 0.04632234573364258
INFO:root:Latency: 0.04169583320617676
